<?xml version="1.0" encoding="UTF-8"?>
<testsuite name="miniproject.stellanex.MemberTest" tests="1" skipped="0" failures="0" errors="0" timestamp="2024-02-26T08:07:27" hostname="DESKTOP-1A7V7PR" time="0.577">
  <properties/>
  <testcase name="testDelete()" classname="miniproject.stellanex.MemberTest" time="0.577"/>
  <system-out><![CDATA[17:07:22.454 [Test worker] INFO org.springframework.test.context.support.AnnotationConfigContextLoaderUtils -- Could not detect default configuration classes for test class [miniproject.stellanex.MemberTest]: MemberTest does not declare any static, non-private, non-final, nested classes annotated with @Configuration.
17:07:22.563 [Test worker] INFO org.springframework.boot.test.context.SpringBootTestContextBootstrapper -- Found @SpringBootConfiguration miniproject.stellanex.StellaNexApplication for test class miniproject.stellanex.MemberTest

  .   ____          _            __ _ _
 /\\ / ___'_ __ _ _(_)_ __  __ _ \ \ \ \
( ( )\___ | '_ | '_| | '_ \/ _` | \ \ \ \
 \\/  ___)| |_)| | | | | || (_| |  ) ) ) )
  '  |____| .__|_| |_|_| |_\__, | / / / /
 =========|_|==============|___/=/_/_/_/
 :: Spring Boot ::                (v3.2.2)

2024-02-26T17:07:22.942+09:00  INFO 10820 --- [    Test worker] miniproject.stellanex.MemberTest         : Starting MemberTest using Java 17.0.8 with PID 10820 (started by user in C:\workspace_springboot\StellaNex)
2024-02-26T17:07:22.944+09:00  INFO 10820 --- [    Test worker] miniproject.stellanex.MemberTest         : No active profile set, falling back to 1 default profile: "default"
2024-02-26T17:07:23.611+09:00  INFO 10820 --- [    Test worker] .s.d.r.c.RepositoryConfigurationDelegate : Bootstrapping Spring Data JPA repositories in DEFAULT mode.
2024-02-26T17:07:23.671+09:00  INFO 10820 --- [    Test worker] .s.d.r.c.RepositoryConfigurationDelegate : Finished Spring Data repository scanning in 53 ms. Found 4 JPA repository interfaces.
2024-02-26T17:07:24.178+09:00  INFO 10820 --- [    Test worker] o.hibernate.jpa.internal.util.LogHelper  : HHH000204: Processing PersistenceUnitInfo [name: default]
2024-02-26T17:07:24.249+09:00  INFO 10820 --- [    Test worker] org.hibernate.Version                    : HHH000412: Hibernate ORM core version 6.4.1.Final
2024-02-26T17:07:24.290+09:00  INFO 10820 --- [    Test worker] o.h.c.internal.RegionFactoryInitiator    : HHH000026: Second-level cache disabled
2024-02-26T17:07:24.566+09:00  INFO 10820 --- [    Test worker] o.s.o.j.p.SpringPersistenceUnitInfo      : No LoadTimeWeaver setup: ignoring JPA class transformer
2024-02-26T17:07:24.600+09:00  INFO 10820 --- [    Test worker] com.zaxxer.hikari.HikariDataSource       : HikariPool-1 - Starting...
2024-02-26T17:07:24.683+09:00  INFO 10820 --- [    Test worker] com.zaxxer.hikari.pool.HikariPool        : HikariPool-1 - Added connection conn0: url=jdbc:h2:tcp://localhost/~/.h2/stellanex user=SA
2024-02-26T17:07:24.685+09:00  INFO 10820 --- [    Test worker] com.zaxxer.hikari.HikariDataSource       : HikariPool-1 - Start completed.
2024-02-26T17:07:24.710+09:00  WARN 10820 --- [    Test worker] org.hibernate.orm.deprecation            : HHH90000025: H2Dialect does not need to be specified explicitly using 'hibernate.dialect' (remove the property setting and it will be selected by default)
2024-02-26T17:07:25.639+09:00  INFO 10820 --- [    Test worker] o.h.e.t.j.p.i.JtaPlatformInitiator       : HHH000489: No JTA platform available (set 'hibernate.transaction.jta.platform' to enable JTA platform integration)
2024-02-26T17:07:25.682+09:00  INFO 10820 --- [    Test worker] j.LocalContainerEntityManagerFactoryBean : Initialized JPA EntityManagerFactory for persistence unit 'default'
2024-02-26T17:07:26.158+09:00  INFO 10820 --- [    Test worker] o.s.d.j.r.query.QueryEnhancerFactory     : Hibernate is in classpath; If applicable, HQL parser will be used.
2024-02-26T17:07:26.563+09:00  WARN 10820 --- [    Test worker] JpaBaseConfiguration$JpaWebConfiguration : spring.jpa.open-in-view is enabled by default. Therefore, database queries may be performed during view rendering. Explicitly configure spring.jpa.open-in-view to disable this warning
2024-02-26T17:07:27.021+09:00  INFO 10820 --- [    Test worker] o.s.s.web.DefaultSecurityFilterChain     : Will secure any request with [org.springframework.security.web.session.DisableEncodeUrlFilter@2968d3c0, org.springframework.security.web.context.request.async.WebAsyncManagerIntegrationFilter@4290332d, org.springframework.security.web.context.SecurityContextHolderFilter@16488ed7, org.springframework.security.web.header.HeaderWriterFilter@592efd6, org.springframework.web.filter.CorsFilter@740ddb41, org.springframework.security.web.authentication.logout.LogoutFilter@2b1f0667, miniproject.stellanex.config.filter.JWTAuthorizationFilter@63a833c5, org.springframework.security.web.savedrequest.RequestCacheAwareFilter@3c380db5, org.springframework.security.web.servletapi.SecurityContextHolderAwareRequestFilter@5df17e60, org.springframework.security.web.authentication.AnonymousAuthenticationFilter@c310aa3, org.springframework.security.web.session.SessionManagementFilter@6149adee, org.springframework.security.web.access.ExceptionTranslationFilter@7220ff10, org.springframework.security.web.access.intercept.AuthorizationFilter@35307365]
2024-02-26T17:07:27.320+09:00  INFO 10820 --- [    Test worker] miniproject.stellanex.MemberTest         : Started MemberTest in 4.603 seconds (process running for 5.741)
Hibernate: select m1_0.id,m1_0.birth,m1_0.email,m1_0.name,m1_0.password,m1_0.registered from member m1_0 where m1_0.email=?
]]></system-out>
  <system-err><![CDATA[]]></system-err>
</testsuite>
