<?xml version="1.0" encoding="UTF-8"?>
<testsuite name="com.stellanex.MemberInitialize" tests="1" skipped="0" failures="0" errors="0" timestamp="2024-02-13T01:40:43" hostname="DESKTOP-1A7V7PR" time="0.703">
  <properties/>
  <testcase name="memberInitialize()" classname="com.stellanex.MemberInitialize" time="0.703"/>
  <system-out><![CDATA[10:40:39.710 [Test worker] INFO org.springframework.test.context.support.AnnotationConfigContextLoaderUtils -- Could not detect default configuration classes for test class [com.stellanex.MemberInitialize]: MemberInitialize does not declare any static, non-private, non-final, nested classes annotated with @Configuration.
10:40:39.820 [Test worker] INFO org.springframework.boot.test.context.SpringBootTestContextBootstrapper -- Found @SpringBootConfiguration com.stellanex.StellaNeXApplication for test class com.stellanex.MemberInitialize

  .   ____          _            __ _ _
 /\\ / ___'_ __ _ _(_)_ __  __ _ \ \ \ \
( ( )\___ | '_ | '_| | '_ \/ _` | \ \ \ \
 \\/  ___)| |_)| | | | | || (_| |  ) ) ) )
  '  |____| .__|_| |_|_| |_\__, | / / / /
 =========|_|==============|___/=/_/_/_/
 :: Spring Boot ::                (v3.2.2)

2024-02-13T10:40:40.186+09:00  INFO 884 --- [    Test worker] com.stellanex.MemberInitialize           : Starting MemberInitialize using Java 17.0.8 with PID 884 (started by user in C:\workspace_springboot\StellaNeX)
2024-02-13T10:40:40.187+09:00  INFO 884 --- [    Test worker] com.stellanex.MemberInitialize           : No active profile set, falling back to 1 default profile: "default"
2024-02-13T10:40:40.847+09:00  INFO 884 --- [    Test worker] .s.d.r.c.RepositoryConfigurationDelegate : Bootstrapping Spring Data JPA repositories in DEFAULT mode.
2024-02-13T10:40:40.913+09:00  INFO 884 --- [    Test worker] .s.d.r.c.RepositoryConfigurationDelegate : Finished Spring Data repository scanning in 57 ms. Found 2 JPA repository interfaces.
2024-02-13T10:40:41.379+09:00  INFO 884 --- [    Test worker] o.hibernate.jpa.internal.util.LogHelper  : HHH000204: Processing PersistenceUnitInfo [name: default]
2024-02-13T10:40:41.439+09:00  INFO 884 --- [    Test worker] org.hibernate.Version                    : HHH000412: Hibernate ORM core version 6.4.1.Final
2024-02-13T10:40:41.471+09:00  INFO 884 --- [    Test worker] o.h.c.internal.RegionFactoryInitiator    : HHH000026: Second-level cache disabled
2024-02-13T10:40:41.727+09:00  INFO 884 --- [    Test worker] o.s.o.j.p.SpringPersistenceUnitInfo      : No LoadTimeWeaver setup: ignoring JPA class transformer
2024-02-13T10:40:41.758+09:00  INFO 884 --- [    Test worker] com.zaxxer.hikari.HikariDataSource       : HikariPool-1 - Starting...
2024-02-13T10:40:41.831+09:00  INFO 884 --- [    Test worker] com.zaxxer.hikari.pool.HikariPool        : HikariPool-1 - Added connection conn0: url=jdbc:h2:tcp://localhost/~/.h2/stellanex user=SA
2024-02-13T10:40:41.833+09:00  INFO 884 --- [    Test worker] com.zaxxer.hikari.HikariDataSource       : HikariPool-1 - Start completed.
2024-02-13T10:40:41.862+09:00  WARN 884 --- [    Test worker] org.hibernate.orm.deprecation            : HHH90000025: H2Dialect does not need to be specified explicitly using 'hibernate.dialect' (remove the property setting and it will be selected by default)
2024-02-13T10:40:42.621+09:00  INFO 884 --- [    Test worker] o.h.e.t.j.p.i.JtaPlatformInitiator       : HHH000489: No JTA platform available (set 'hibernate.transaction.jta.platform' to enable JTA platform integration)
Hibernate: create table board (seq bigint generated by default as identity, cnt bigint, content varchar(255), create_date timestamp(6), title varchar(255), writer varchar(255), primary key (seq))
2024-02-13T10:40:42.667+09:00  INFO 884 --- [    Test worker] j.LocalContainerEntityManagerFactoryBean : Initialized JPA EntityManagerFactory for persistence unit 'default'
2024-02-13T10:40:43.182+09:00  WARN 884 --- [    Test worker] JpaBaseConfiguration$JpaWebConfiguration : spring.jpa.open-in-view is enabled by default. Therefore, database queries may be performed during view rendering. Explicitly configure spring.jpa.open-in-view to disable this warning
2024-02-13T10:40:43.277+09:00  INFO 884 --- [    Test worker] o.s.b.a.w.s.WelcomePageHandlerMapping    : Adding welcome page template: index
2024-02-13T10:40:43.507+09:00  INFO 884 --- [    Test worker] o.s.s.web.DefaultSecurityFilterChain     : Will secure any request with [org.springframework.security.web.session.DisableEncodeUrlFilter@5b1cedfd, org.springframework.security.web.context.request.async.WebAsyncManagerIntegrationFilter@1fe2c5ad, org.springframework.security.web.context.SecurityContextHolderFilter@7dd847a2, org.springframework.security.web.header.HeaderWriterFilter@66c32e15, org.springframework.web.filter.CorsFilter@6334c0d8, org.springframework.security.web.authentication.logout.LogoutFilter@542aec6, org.springframework.security.web.savedrequest.RequestCacheAwareFilter@69e736bf, org.springframework.security.web.servletapi.SecurityContextHolderAwareRequestFilter@6b60d99c, org.springframework.security.web.authentication.AnonymousAuthenticationFilter@74ed3be4, org.springframework.security.web.session.SessionManagementFilter@304704ae, org.springframework.security.web.access.ExceptionTranslationFilter@54c17a2b, org.springframework.security.web.access.intercept.AuthorizationFilter@208b8425]
2024-02-13T10:40:43.874+09:00  INFO 884 --- [    Test worker] com.stellanex.MemberInitialize           : Started MemberInitialize in 3.899 seconds (process running for 4.964)
Hibernate: select m1_0.username,m1_0.enabled,m1_0.password,m1_0.role from member m1_0 where m1_0.username=?
Hibernate: update member set enabled=?,password=?,role=? where username=?
Hibernate: select m1_0.username,m1_0.enabled,m1_0.password,m1_0.role from member m1_0 where m1_0.username=?
Hibernate: update member set enabled=?,password=?,role=? where username=?
Hibernate: select m1_0.username,m1_0.enabled,m1_0.password,m1_0.role from member m1_0 where m1_0.username=?
Hibernate: update member set enabled=?,password=?,role=? where username=?
]]></system-out>
  <system-err><![CDATA[]]></system-err>
</testsuite>
